adduser						install
anacron						install
apache2						install
apt							install
aptitude					install
bash						install
bzip2						install
cron						install
curl						install
dnsutils					install
dpkg						install
file						install
gcc							install
git							install
gnupg2						install
grep						install
gzip						install
hostname					install
joe							install
less						install
lshw						install
make						install
monit						install
mysql-client				install
mysql-server				install
openssl						install
passwd						install
patch						install
perl						install
libapache2-mod-perl2		install
php							install
php7.0-curl					install
php-dom						install
php-gd						install
php-mbstring				install
php-mysql					install
postfix						install
postfix-mysql				install
sed							install
ssh							install
ssl-cert					install
subversion					install
sudo						install
swaks
tar							install
unzip						install
vim							install
wget						install
